[+] Containers:
 |- [+] Container: /Game/MyFirstRTS/Maps/RockyLevel
 |   |- [+] ActorDescs:
 |   |   |- Guid:1F0829FE4885A2756ED0D09624577186 BaseClass: NativeClass:/Script/PCG.PCGWorldActor Name:PCGWorldActor_UAID_D8BBC11DDAE45F7301_1928267322 Label:PCGWorldActor SpatiallyLoaded:0 Bounds:IsValid=true, Min=(X=0.000 Y=0.000 Z=0.000), Max=(X=0.000 Y=0.000 Z=0.000) RuntimeGrid:None EditorOnly:0 RuntimeOnly:0 HLODRelevant:0
 |   |   |- Guid:1F5E087D4A97DE6AE97D019EC9E1BE70 BaseClass: NativeClass:/Script/Engine.ExponentialHeightFog Name:ExponentialHeightFog_UAID_D8BBC11DDAE45D7301_1297959972 Label:ExponentialHeightFog SpatiallyLoaded:0 Bounds:IsValid=true, Min=(X=0.000 Y=0.000 Z=620.000), Max=(X=0.000 Y=0.000 Z=620.000) RuntimeGrid:None EditorOnly:0 RuntimeOnly:0 HLODRelevant:0 FolderPath:Light FolderGuid:43A5D74D4898151EA9D1C1B33557188B
 |   |   |- Guid:213CA4FA41415225BDC261BC89B5E395 BaseClass: NativeClass:/Script/Landscape.LandscapeStreamingProxy Name:LandscapeStreamingProxy_C20MDM3OHB6505NMALBL6758W_126_0_3_0 Label:LandscapeStreamingProxy_0_3_0 SpatiallyLoaded:1 Bounds:IsValid=true, Min=(X=-25200.000 Y=163800.000 Z=-4970.312), Max=(X=37800.000 Y=226800.000 Z=11080.469) RuntimeGrid:None EditorOnly:0 RuntimeOnly:0 HLODRelevant:1
 |   |   |- Guid:26ABFFA14FEFA80D901B4891240CDC51 BaseClass: NativeClass:/Script/Landscape.LandscapeStreamingProxy Name:LandscapeStreamingProxy_C20MDM3OHB6505NMALBL6758W_126_0_1_0 Label:LandscapeStreamingProxy_0_1_0 SpatiallyLoaded:1 Bounds:IsValid=true, Min=(X=-25200.000 Y=37800.000 Z=100.000), Max=(X=37800.000 Y=100800.000 Z=10377.344) RuntimeGrid:None EditorOnly:0 RuntimeOnly:0 HLODRelevant:1
 |   |   |- Guid:281E154246E8D2101B3150B2AB5C9B03 BaseClass: NativeClass:/Script/Engine.VolumetricCloud Name:VolumetricCloud_UAID_D8BBC11DDAE45D7301_1297582971 Label:VolumetricCloud SpatiallyLoaded:0 Bounds:IsValid=true, Min=(X=0.000 Y=0.000 Z=440.000), Max=(X=0.000 Y=0.000 Z=440.000) RuntimeGrid:None EditorOnly:0 RuntimeOnly:0 HLODRelevant:0 FolderPath:Light FolderGuid:43A5D74D4898151EA9D1C1B33557188B
 |   |   |- Guid:2C8AF0DA40D32911F0B09BAE9E7AF3B0 BaseClass: NativeClass:/Script/Landscape.LandscapeStreamingProxy Name:LandscapeStreamingProxy_C20MDM3OHB6505NMALBL6758W_126_1_0_0 Label:LandscapeStreamingProxy_1_0_0 SpatiallyLoaded:1 Bounds:IsValid=true, Min=(X=37800.000 Y=-25200.000 Z=100.000), Max=(X=100800.000 Y=37800.000 Z=15045.312) RuntimeGrid:None EditorOnly:0 RuntimeOnly:0 HLODRelevant:1
 |   |   |- Guid:2E6C19B34F2A2093E8BD42BB7E5672E1 BaseClass: NativeClass:/Script/Engine.SkyAtmosphere Name:SkyAtmosphere_UAID_D8BBC11DDAE45D7301_1297243970 Label:SkyAtmosphere SpatiallyLoaded:0 Bounds:IsValid=true, Min=(X=0.000 Y=0.000 Z=380.000), Max=(X=0.000 Y=0.000 Z=380.000) RuntimeGrid:None EditorOnly:0 RuntimeOnly:0 HLODRelevant:0 FolderPath:Light FolderGuid:43A5D74D4898151EA9D1C1B33557188B
 |   |   |- Guid:328949E94A2D808691A16A8FB8AC84CE BaseClass: NativeClass:/Script/Landscape.LandscapeStreamingProxy Name:LandscapeStreamingProxy_C20MDM3OHB6505NMALBL6758W_126_2_3_0 Label:LandscapeStreamingProxy_2_3_0 SpatiallyLoaded:1 Bounds:IsValid=true, Min=(X=100800.000 Y=163800.000 Z=100.000), Max=(X=163800.000 Y=226800.000 Z=20885.156) RuntimeGrid:None EditorOnly:0 RuntimeOnly:0 HLODRelevant:1
 |   |   |- Guid:3F92B47749960C35D09B718CA6CB20D8 BaseClass: NativeClass:/Script/Landscape.LandscapeStreamingProxy Name:LandscapeStreamingProxy_C20MDM3OHB6505NMALBL6758W_126_3_1_0 Label:LandscapeStreamingProxy_3_1_0 SpatiallyLoaded:1 Bounds:IsValid=true, Min=(X=163800.000 Y=37800.000 Z=100.000), Max=(X=226800.000 Y=100800.000 Z=12459.375) RuntimeGrid:None EditorOnly:0 RuntimeOnly:0 HLODRelevant:1
 |   |   |- Guid:417191AE4997A2419F766494111F2069 BaseClass: NativeClass:/Script/Landscape.LandscapeStreamingProxy Name:LandscapeStreamingProxy_C20MDM3OHB6505NMALBL6758W_126_2_0_0 Label:LandscapeStreamingProxy_2_0_0 SpatiallyLoaded:1 Bounds:IsValid=true, Min=(X=100800.000 Y=-25200.000 Z=100.000), Max=(X=163800.000 Y=37800.000 Z=11600.000) RuntimeGrid:None EditorOnly:0 RuntimeOnly:0 HLODRelevant:1
 |   |   |- Guid:446836CB46732791467A358724E4924D BaseClass: NativeClass:/Script/Landscape.LandscapeStreamingProxy Name:LandscapeStreamingProxy_C20MDM3OHB6505NMALBL6758W_126_1_3_0 Label:LandscapeStreamingProxy_1_3_0 SpatiallyLoaded:1 Bounds:IsValid=true, Min=(X=37800.000 Y=163800.000 Z=-1470.312), Max=(X=100800.000 Y=226800.000 Z=14392.969) RuntimeGrid:None EditorOnly:0 RuntimeOnly:0 HLODRelevant:1
 |   |   |- Guid:507E5BE740E5AADD670F35A479EDC082 BaseClass: NativeClass:/Script/Landscape.LandscapeStreamingProxy Name:LandscapeStreamingProxy_C20MDM3OHB6505NMALBL6758W_126_0_2_0 Label:LandscapeStreamingProxy_0_2_0 SpatiallyLoaded:1 Bounds:IsValid=true, Min=(X=-25200.000 Y=100800.000 Z=-5622.656), Max=(X=37800.000 Y=163800.000 Z=12111.719) RuntimeGrid:None EditorOnly:0 RuntimeOnly:0 HLODRelevant:1
 |   |   |- Guid:55C897514F84D5B307698B9C0FB9AE60 BaseClass:/Game/Blueprints/B?timent/BP_Scierie.BP_Scierie_C NativeClass:/Script/Engine.Actor Name:BP_Scierie_C_UAID_18C04D3455782E7C01_1660447200 Label:BP_Scierie SpatiallyLoaded:1 Bounds:IsValid=true, Min=(X=103985.000 Y=154275.000 Z=100.000), Max=(X=104235.000 Y=154525.000 Z=350.000) RuntimeGrid:None EditorOnly:0 RuntimeOnly:0 HLODRelevant:0
 |   |   |- Guid:659ED956462A501045CADCB3BA26BAC4 BaseClass: NativeClass:/Script/Landscape.LandscapeStreamingProxy Name:LandscapeStreamingProxy_C20MDM3OHB6505NMALBL6758W_126_1_2_0 Label:LandscapeStreamingProxy_1_2_0 SpatiallyLoaded:1 Bounds:IsValid=true, Min=(X=37800.000 Y=100800.000 Z=-3310.156), Max=(X=100800.000 Y=163800.000 Z=6959.375) RuntimeGrid:None EditorOnly:0 RuntimeOnly:0 HLODRelevant:1
 |   |   |- Guid:6A6FC39F4A6E47B02FB43AA754593E68 BaseClass: NativeClass:/Script/Engine.DirectionalLight Name:DirectionalLight_UAID_D8BBC11DDAE45D7301_1296911969 Label:DirectionalLight SpatiallyLoaded:0 Bounds:IsValid=true, Min=(X=-4398046511104.000 Y=-4398046511104.000 Z=-4398046511104.000), Max=(X=4398046511104.000 Y=4398046511104.000 Z=4398046511104.000) RuntimeGrid:None EditorOnly:0 RuntimeOnly:0 HLODRelevant:0 FolderPath:Light FolderGuid:43A5D74D4898151EA9D1C1B33557188B
 |   |   |- Guid:A33C187C48A36A9BA41B17A2B4A8CBFD BaseClass: NativeClass:/Script/Landscape.LandscapeStreamingProxy Name:LandscapeStreamingProxy_C20MDM3OHB6505NMALBL6758W_126_0_0_0 Label:LandscapeStreamingProxy_0_0_0 SpatiallyLoaded:1 Bounds:IsValid=true, Min=(X=-25200.000 Y=-25200.000 Z=100.000), Max=(X=37800.000 Y=37800.000 Z=14283.594) RuntimeGrid:None EditorOnly:0 RuntimeOnly:0 HLODRelevant:1
 |   |   |- Guid:A64931B74D717458A3EFFA9F4AABC03D BaseClass: NativeClass:/Script/Landscape.Landscape Name:Landscape_UAID_D8BBC11DDAE45F7301_1614604321 Label:Landscape SpatiallyLoaded:0 Bounds:IsValid=true, Min=(X=-25200.000 Y=-25200.000 Z=100.000), Max=(X=-25200.000 Y=-25200.000 Z=100.000) RuntimeGrid:None EditorOnly:0 RuntimeOnly:0 HLODRelevant:0
 |   |   |- Guid:B41A62F647422A59B65D78ABF4CDF292 BaseClass: NativeClass:/Script/Engine.SkyLight Name:SkyLight_UAID_D8BBC11DDAE45D7301_1286535968 Label:SkyLight SpatiallyLoaded:0 Bounds:IsValid=true, Min=(X=0.000 Y=0.000 Z=240.000), Max=(X=0.000 Y=0.000 Z=240.000) RuntimeGrid:None EditorOnly:0 RuntimeOnly:0 HLODRelevant:0 FolderPath:Light FolderGuid:43A5D74D4898151EA9D1C1B33557188B
 |   |   |- Guid:BACA71264BCA0DBBD2A91988352B34E3 BaseClass: NativeClass:/Script/PCG.PCGVolume Name:PCGVolume_UAID_D8BBC11DDAE45D7301_1972694968 Label:PCGVolume SpatiallyLoaded:1 Bounds:IsValid=true, Min=(X=47873.594 Y=149550.000 Z=-10110.000), Max=(X=87900.000 Y=189550.000 Z=29890.000) RuntimeGrid:None EditorOnly:0 RuntimeOnly:0 HLODRelevant:1
 |   |   |- Guid:BDAAAC02487B14E8595F71B5202B410F BaseClass: NativeClass:/Script/Landscape.LandscapeStreamingProxy Name:LandscapeStreamingProxy_C20MDM3OHB6505NMALBL6758W_126_3_2_0 Label:LandscapeStreamingProxy_3_2_0 SpatiallyLoaded:1 Bounds:IsValid=true, Min=(X=163800.000 Y=100800.000 Z=100.000), Max=(X=226800.000 Y=163800.000 Z=17908.594) RuntimeGrid:None EditorOnly:0 RuntimeOnly:0 HLODRelevant:1
 |   |   |- Guid:BE016AD543D7567DA9C6C294EBA38ACC BaseClass: NativeClass:/Script/Landscape.LandscapeStreamingProxy Name:LandscapeStreamingProxy_C20MDM3OHB6505NMALBL6758W_126_2_2_0 Label:LandscapeStreamingProxy_2_2_0 SpatiallyLoaded:1 Bounds:IsValid=true, Min=(X=100800.000 Y=100800.000 Z=100.000), Max=(X=163800.000 Y=163800.000 Z=7330.469) RuntimeGrid:None EditorOnly:0 RuntimeOnly:0 HLODRelevant:1
 |   |   |- Guid:C9A74BF44AE37F74605A2EB218DB6358 BaseClass: NativeClass:/Script/Landscape.LandscapeStreamingProxy Name:LandscapeStreamingProxy_C20MDM3OHB6505NMALBL6758W_126_1_1_0 Label:LandscapeStreamingProxy_1_1_0 SpatiallyLoaded:1 Bounds:IsValid=true, Min=(X=37800.000 Y=37800.000 Z=-400.000), Max=(X=100800.000 Y=100800.000 Z=2830.469) RuntimeGrid:None EditorOnly:0 RuntimeOnly:0 HLODRelevant:1
 |   |   |- Guid:D0E568B94B253687AB773E8F44048EEE BaseClass: NativeClass:/Script/Landscape.LandscapeStreamingProxy Name:LandscapeStreamingProxy_C20MDM3OHB6505NMALBL6758W_126_3_0_0 Label:LandscapeStreamingProxy_3_0_0 SpatiallyLoaded:1 Bounds:IsValid=true, Min=(X=163800.000 Y=-25200.000 Z=100.000), Max=(X=226800.000 Y=37800.000 Z=10467.188) RuntimeGrid:None EditorOnly:0 RuntimeOnly:0 HLODRelevant:1
 |   |   |- Guid:E333C41D4542BF6D8E22C4B9A8CE551E BaseClass: NativeClass:/Script/Landscape.LandscapeStreamingProxy Name:LandscapeStreamingProxy_C20MDM3OHB6505NMALBL6758W_126_3_3_0 Label:LandscapeStreamingProxy_3_3_0 SpatiallyLoaded:1 Bounds:IsValid=true, Min=(X=163800.000 Y=163800.000 Z=33.594), Max=(X=226800.000 Y=226800.000 Z=21135.156) RuntimeGrid:None EditorOnly:0 RuntimeOnly:0 HLODRelevant:1
 |   |   |- Guid:FB700E5F46325D687FED7DAC43A270D6 BaseClass: NativeClass:/Script/Engine.WorldDataLayers Name:WorldDataLayers Label:WorldDataLayers SpatiallyLoaded:0 Bounds:IsValid=true, Min=(X=0.000 Y=0.000 Z=0.000), Max=(X=0.000 Y=0.000 Z=0.000) RuntimeGrid:None EditorOnly:0 RuntimeOnly:0 HLODRelevant:0
 |   |   |- Guid:FD4F1E774C38A849263E37A34429D474 BaseClass:/Game/Blueprints/B?timent/BP_QuartierGeneral.BP_QuartierGeneral_C NativeClass:/Script/Engine.Actor Name:BP_QuartierGeneral_C_UAID_18C04D3455782D7C01_2096314023 Label:BP_QuartierGeneral SpatiallyLoaded:1 Bounds:IsValid=true, Min=(X=103810.000 Y=155650.000 Z=100.000), Max=(X=104310.000 Y=156150.000 Z=600.000) RuntimeGrid:None EditorOnly:0 RuntimeOnly:0 HLODRelevant:0
 |   |   |- Guid:FD67A25A4553270705B748A070C62C20 BaseClass: NativeClass:/Script/Landscape.LandscapeStreamingProxy Name:LandscapeStreamingProxy_C20MDM3OHB6505NMALBL6758W_126_2_1_0 Label:LandscapeStreamingProxy_2_1_0 SpatiallyLoaded:1 Bounds:IsValid=true, Min=(X=100800.000 Y=37800.000 Z=100.000), Max=(X=163800.000 Y=100800.000 Z=5920.312) RuntimeGrid:None EditorOnly:0 RuntimeOnly:0 HLODRelevant:1
 |   |- [+] Clusters:
 |   |   |- [+] [  0]
 |   |   |   |- Guid:E333C41D4542BF6D8E22C4B9A8CE551E BaseClass: NativeClass:/Script/Landscape.LandscapeStreamingProxy Name:LandscapeStreamingProxy_C20MDM3OHB6505NMALBL6758W_126_3_3_0 Label:LandscapeStreamingProxy_3_3_0 SpatiallyLoaded:1 Bounds:IsValid=true, Min=(X=163800.000 Y=163800.000 Z=33.594), Max=(X=226800.000 Y=226800.000 Z=21135.156) RuntimeGrid:None EditorOnly:0 RuntimeOnly:0 HLODRelevant:1
 |   |   |- [+] [  1]
 |   |   |   |- Guid:A33C187C48A36A9BA41B17A2B4A8CBFD BaseClass: NativeClass:/Script/Landscape.LandscapeStreamingProxy Name:LandscapeStreamingProxy_C20MDM3OHB6505NMALBL6758W_126_0_0_0 Label:LandscapeStreamingProxy_0_0_0 SpatiallyLoaded:1 Bounds:IsValid=true, Min=(X=-25200.000 Y=-25200.000 Z=100.000), Max=(X=37800.000 Y=37800.000 Z=14283.594) RuntimeGrid:None EditorOnly:0 RuntimeOnly:0 HLODRelevant:1
 |   |   |- [+] [  2]
 |   |   |   |- Guid:BDAAAC02487B14E8595F71B5202B410F BaseClass: NativeClass:/Script/Landscape.LandscapeStreamingProxy Name:LandscapeStreamingProxy_C20MDM3OHB6505NMALBL6758W_126_3_2_0 Label:LandscapeStreamingProxy_3_2_0 SpatiallyLoaded:1 Bounds:IsValid=true, Min=(X=163800.000 Y=100800.000 Z=100.000), Max=(X=226800.000 Y=163800.000 Z=17908.594) RuntimeGrid:None EditorOnly:0 RuntimeOnly:0 HLODRelevant:1
 |   |   |- [+] [  3]
 |   |   |   |- Guid:FD67A25A4553270705B748A070C62C20 BaseClass: NativeClass:/Script/Landscape.LandscapeStreamingProxy Name:LandscapeStreamingProxy_C20MDM3OHB6505NMALBL6758W_126_2_1_0 Label:LandscapeStreamingProxy_2_1_0 SpatiallyLoaded:1 Bounds:IsValid=true, Min=(X=100800.000 Y=37800.000 Z=100.000), Max=(X=163800.000 Y=100800.000 Z=5920.312) RuntimeGrid:None EditorOnly:0 RuntimeOnly:0 HLODRelevant:1
 |   |   |- [+] [  4]
 |   |   |   |- Guid:213CA4FA41415225BDC261BC89B5E395 BaseClass: NativeClass:/Script/Landscape.LandscapeStreamingProxy Name:LandscapeStreamingProxy_C20MDM3OHB6505NMALBL6758W_126_0_3_0 Label:LandscapeStreamingProxy_0_3_0 SpatiallyLoaded:1 Bounds:IsValid=true, Min=(X=-25200.000 Y=163800.000 Z=-4970.312), Max=(X=37800.000 Y=226800.000 Z=11080.469) RuntimeGrid:None EditorOnly:0 RuntimeOnly:0 HLODRelevant:1
 |   |   |- [+] [  5]
 |   |   |   |- Guid:1F0829FE4885A2756ED0D09624577186 BaseClass: NativeClass:/Script/PCG.PCGWorldActor Name:PCGWorldActor_UAID_D8BBC11DDAE45F7301_1928267322 Label:PCGWorldActor SpatiallyLoaded:0 Bounds:IsValid=true, Min=(X=0.000 Y=0.000 Z=0.000), Max=(X=0.000 Y=0.000 Z=0.000) RuntimeGrid:None EditorOnly:0 RuntimeOnly:0 HLODRelevant:0
 |   |   |- [+] [  6]
 |   |   |   |- Guid:C9A74BF44AE37F74605A2EB218DB6358 BaseClass: NativeClass:/Script/Landscape.LandscapeStreamingProxy Name:LandscapeStreamingProxy_C20MDM3OHB6505NMALBL6758W_126_1_1_0 Label:LandscapeStreamingProxy_1_1_0 SpatiallyLoaded:1 Bounds:IsValid=true, Min=(X=37800.000 Y=37800.000 Z=-400.000), Max=(X=100800.000 Y=100800.000 Z=2830.469) RuntimeGrid:None EditorOnly:0 RuntimeOnly:0 HLODRelevant:1
 |   |   |- [+] [  7]
 |   |   |   |- Guid:2E6C19B34F2A2093E8BD42BB7E5672E1 BaseClass: NativeClass:/Script/Engine.SkyAtmosphere Name:SkyAtmosphere_UAID_D8BBC11DDAE45D7301_1297243970 Label:SkyAtmosphere SpatiallyLoaded:0 Bounds:IsValid=true, Min=(X=0.000 Y=0.000 Z=380.000), Max=(X=0.000 Y=0.000 Z=380.000) RuntimeGrid:None EditorOnly:0 RuntimeOnly:0 HLODRelevant:0 FolderPath:Light FolderGuid:43A5D74D4898151EA9D1C1B33557188B
 |   |   |- [+] [  8]
 |   |   |   |- Guid:507E5BE740E5AADD670F35A479EDC082 BaseClass: NativeClass:/Script/Landscape.LandscapeStreamingProxy Name:LandscapeStreamingProxy_C20MDM3OHB6505NMALBL6758W_126_0_2_0 Label:LandscapeStreamingProxy_0_2_0 SpatiallyLoaded:1 Bounds:IsValid=true, Min=(X=-25200.000 Y=100800.000 Z=-5622.656), Max=(X=37800.000 Y=163800.000 Z=12111.719) RuntimeGrid:None EditorOnly:0 RuntimeOnly:0 HLODRelevant:1
 |   |   |- [+] [  9]
 |   |   |   |- Guid:2C8AF0DA40D32911F0B09BAE9E7AF3B0 BaseClass: NativeClass:/Script/Landscape.LandscapeStreamingProxy Name:LandscapeStreamingProxy_C20MDM3OHB6505NMALBL6758W_126_1_0_0 Label:LandscapeStreamingProxy_1_0_0 SpatiallyLoaded:1 Bounds:IsValid=true, Min=(X=37800.000 Y=-25200.000 Z=100.000), Max=(X=100800.000 Y=37800.000 Z=15045.312) RuntimeGrid:None EditorOnly:0 RuntimeOnly:0 HLODRelevant:1
 |   |   |- [+] [ 10]
 |   |   |   |- Guid:FD4F1E774C38A849263E37A34429D474 BaseClass:/Game/Blueprints/B?timent/BP_QuartierGeneral.BP_QuartierGeneral_C NativeClass:/Script/Engine.Actor Name:BP_QuartierGeneral_C_UAID_18C04D3455782D7C01_2096314023 Label:BP_QuartierGeneral SpatiallyLoaded:1 Bounds:IsValid=true, Min=(X=103810.000 Y=155650.000 Z=100.000), Max=(X=104310.000 Y=156150.000 Z=600.000) RuntimeGrid:None EditorOnly:0 RuntimeOnly:0 HLODRelevant:0
 |   |   |- [+] [ 11]
 |   |   |   |- Guid:BE016AD543D7567DA9C6C294EBA38ACC BaseClass: NativeClass:/Script/Landscape.LandscapeStreamingProxy Name:LandscapeStreamingProxy_C20MDM3OHB6505NMALBL6758W_126_2_2_0 Label:LandscapeStreamingProxy_2_2_0 SpatiallyLoaded:1 Bounds:IsValid=true, Min=(X=100800.000 Y=100800.000 Z=100.000), Max=(X=163800.000 Y=163800.000 Z=7330.469) RuntimeGrid:None EditorOnly:0 RuntimeOnly:0 HLODRelevant:1
 |   |   |- [+] [ 12]
 |   |   |   |- Guid:BACA71264BCA0DBBD2A91988352B34E3 BaseClass: NativeClass:/Script/PCG.PCGVolume Name:PCGVolume_UAID_D8BBC11DDAE45D7301_1972694968 Label:PCGVolume SpatiallyLoaded:1 Bounds:IsValid=true, Min=(X=47873.594 Y=149550.000 Z=-10110.000), Max=(X=87900.000 Y=189550.000 Z=29890.000) RuntimeGrid:None EditorOnly:0 RuntimeOnly:0 HLODRelevant:1
 |   |   |   |- Guid:A64931B74D717458A3EFFA9F4AABC03D BaseClass: NativeClass:/Script/Landscape.Landscape Name:Landscape_UAID_D8BBC11DDAE45F7301_1614604321 Label:Landscape SpatiallyLoaded:0 Bounds:IsValid=true, Min=(X=-25200.000 Y=-25200.000 Z=100.000), Max=(X=-25200.000 Y=-25200.000 Z=100.000) RuntimeGrid:None EditorOnly:0 RuntimeOnly:0 HLODRelevant:0
 |   |   |   |- Guid:659ED956462A501045CADCB3BA26BAC4 BaseClass: NativeClass:/Script/Landscape.LandscapeStreamingProxy Name:LandscapeStreamingProxy_C20MDM3OHB6505NMALBL6758W_126_1_2_0 Label:LandscapeStreamingProxy_1_2_0 SpatiallyLoaded:1 Bounds:IsValid=true, Min=(X=37800.000 Y=100800.000 Z=-3310.156), Max=(X=100800.000 Y=163800.000 Z=6959.375) RuntimeGrid:None EditorOnly:0 RuntimeOnly:0 HLODRelevant:1
 |   |   |   |- Guid:446836CB46732791467A358724E4924D BaseClass: NativeClass:/Script/Landscape.LandscapeStreamingProxy Name:LandscapeStreamingProxy_C20MDM3OHB6505NMALBL6758W_126_1_3_0 Label:LandscapeStreamingProxy_1_3_0 SpatiallyLoaded:1 Bounds:IsValid=true, Min=(X=37800.000 Y=163800.000 Z=-1470.312), Max=(X=100800.000 Y=226800.000 Z=14392.969) RuntimeGrid:None EditorOnly:0 RuntimeOnly:0 HLODRelevant:1
 |   |   |- [+] [ 13]
 |   |   |   |- Guid:D0E568B94B253687AB773E8F44048EEE BaseClass: NativeClass:/Script/Landscape.LandscapeStreamingProxy Name:LandscapeStreamingProxy_C20MDM3OHB6505NMALBL6758W_126_3_0_0 Label:LandscapeStreamingProxy_3_0_0 SpatiallyLoaded:1 Bounds:IsValid=true, Min=(X=163800.000 Y=-25200.000 Z=100.000), Max=(X=226800.000 Y=37800.000 Z=10467.188) RuntimeGrid:None EditorOnly:0 RuntimeOnly:0 HLODRelevant:1
 |   |   |- [+] [ 14]
 |   |   |   |- Guid:3F92B47749960C35D09B718CA6CB20D8 BaseClass: NativeClass:/Script/Landscape.LandscapeStreamingProxy Name:LandscapeStreamingProxy_C20MDM3OHB6505NMALBL6758W_126_3_1_0 Label:LandscapeStreamingProxy_3_1_0 SpatiallyLoaded:1 Bounds:IsValid=true, Min=(X=163800.000 Y=37800.000 Z=100.000), Max=(X=226800.000 Y=100800.000 Z=12459.375) RuntimeGrid:None EditorOnly:0 RuntimeOnly:0 HLODRelevant:1
 |   |   |- [+] [ 15]
 |   |   |   |- Guid:B41A62F647422A59B65D78ABF4CDF292 BaseClass: NativeClass:/Script/Engine.SkyLight Name:SkyLight_UAID_D8BBC11DDAE45D7301_1286535968 Label:SkyLight SpatiallyLoaded:0 Bounds:IsValid=true, Min=(X=0.000 Y=0.000 Z=240.000), Max=(X=0.000 Y=0.000 Z=240.000) RuntimeGrid:None EditorOnly:0 RuntimeOnly:0 HLODRelevant:0 FolderPath:Light FolderGuid:43A5D74D4898151EA9D1C1B33557188B
 |   |   |- [+] [ 16]
 |   |   |   |- Guid:1F5E087D4A97DE6AE97D019EC9E1BE70 BaseClass: NativeClass:/Script/Engine.ExponentialHeightFog Name:ExponentialHeightFog_UAID_D8BBC11DDAE45D7301_1297959972 Label:ExponentialHeightFog SpatiallyLoaded:0 Bounds:IsValid=true, Min=(X=0.000 Y=0.000 Z=620.000), Max=(X=0.000 Y=0.000 Z=620.000) RuntimeGrid:None EditorOnly:0 RuntimeOnly:0 HLODRelevant:0 FolderPath:Light FolderGuid:43A5D74D4898151EA9D1C1B33557188B
 |   |   |- [+] [ 17]
 |   |   |   |- Guid:6A6FC39F4A6E47B02FB43AA754593E68 BaseClass: NativeClass:/Script/Engine.DirectionalLight Name:DirectionalLight_UAID_D8BBC11DDAE45D7301_1296911969 Label:DirectionalLight SpatiallyLoaded:0 Bounds:IsValid=true, Min=(X=-4398046511104.000 Y=-4398046511104.000 Z=-4398046511104.000), Max=(X=4398046511104.000 Y=4398046511104.000 Z=4398046511104.000) RuntimeGrid:None EditorOnly:0 RuntimeOnly:0 HLODRelevant:0 FolderPath:Light FolderGuid:43A5D74D4898151EA9D1C1B33557188B
 |   |   |- [+] [ 18]
 |   |   |   |- Guid:26ABFFA14FEFA80D901B4891240CDC51 BaseClass: NativeClass:/Script/Landscape.LandscapeStreamingProxy Name:LandscapeStreamingProxy_C20MDM3OHB6505NMALBL6758W_126_0_1_0 Label:LandscapeStreamingProxy_0_1_0 SpatiallyLoaded:1 Bounds:IsValid=true, Min=(X=-25200.000 Y=37800.000 Z=100.000), Max=(X=37800.000 Y=100800.000 Z=10377.344) RuntimeGrid:None EditorOnly:0 RuntimeOnly:0 HLODRelevant:1
 |   |   |- [+] [ 19]
 |   |   |   |- Guid:328949E94A2D808691A16A8FB8AC84CE BaseClass: NativeClass:/Script/Landscape.LandscapeStreamingProxy Name:LandscapeStreamingProxy_C20MDM3OHB6505NMALBL6758W_126_2_3_0 Label:LandscapeStreamingProxy_2_3_0 SpatiallyLoaded:1 Bounds:IsValid=true, Min=(X=100800.000 Y=163800.000 Z=100.000), Max=(X=163800.000 Y=226800.000 Z=20885.156) RuntimeGrid:None EditorOnly:0 RuntimeOnly:0 HLODRelevant:1
 |   |   |- [+] [ 20]
 |   |   |   |- Guid:281E154246E8D2101B3150B2AB5C9B03 BaseClass: NativeClass:/Script/Engine.VolumetricCloud Name:VolumetricCloud_UAID_D8BBC11DDAE45D7301_1297582971 Label:VolumetricCloud SpatiallyLoaded:0 Bounds:IsValid=true, Min=(X=0.000 Y=0.000 Z=440.000), Max=(X=0.000 Y=0.000 Z=440.000) RuntimeGrid:None EditorOnly:0 RuntimeOnly:0 HLODRelevant:0 FolderPath:Light FolderGuid:43A5D74D4898151EA9D1C1B33557188B
 |   |   |- [+] [ 21]
 |   |   |   |- Guid:FB700E5F46325D687FED7DAC43A270D6 BaseClass: NativeClass:/Script/Engine.WorldDataLayers Name:WorldDataLayers Label:WorldDataLayers SpatiallyLoaded:0 Bounds:IsValid=true, Min=(X=0.000 Y=0.000 Z=0.000), Max=(X=0.000 Y=0.000 Z=0.000) RuntimeGrid:None EditorOnly:0 RuntimeOnly:0 HLODRelevant:0
 |   |   |- [+] [ 22]
 |   |   |   |- Guid:417191AE4997A2419F766494111F2069 BaseClass: NativeClass:/Script/Landscape.LandscapeStreamingProxy Name:LandscapeStreamingProxy_C20MDM3OHB6505NMALBL6758W_126_2_0_0 Label:LandscapeStreamingProxy_2_0_0 SpatiallyLoaded:1 Bounds:IsValid=true, Min=(X=100800.000 Y=-25200.000 Z=100.000), Max=(X=163800.000 Y=37800.000 Z=11600.000) RuntimeGrid:None EditorOnly:0 RuntimeOnly:0 HLODRelevant:1
 |   |   |- [+] [ 23]
 |   |   |   |- Guid:55C897514F84D5B307698B9C0FB9AE60 BaseClass:/Game/Blueprints/B?timent/BP_Scierie.BP_Scierie_C NativeClass:/Script/Engine.Actor Name:BP_Scierie_C_UAID_18C04D3455782E7C01_1660447200 Label:BP_Scierie SpatiallyLoaded:1 Bounds:IsValid=true, Min=(X=103985.000 Y=154275.000 Z=100.000), Max=(X=104235.000 Y=154525.000 Z=350.000) RuntimeGrid:None EditorOnly:0 RuntimeOnly:0 HLODRelevant:0
 |- ContainerInstances:
 |- [+] MainContainer:
 |   |-        ID: 0x0000000000000000
 |   |-    Bounds: IsValid=false, Min=(X=0.000 Y=0.000 Z=0.000), Max=(X=0.000 Y=0.000 Z=0.000)
 |   |- Transform: 0.000000,0.000000,0.000000|0.000000,0.000000,-0.000000|1.000000,1.000000,1.000000
 |   |- Container: /Game/MyFirstRTS/Maps/RockyLevel
----------------------------------------------------------------------------------------------------------------
RockyLevel - Persistent Level
----------------------------------------------------------------------------------------------------------------
Always loaded Actor Count: 51 

----------------------------------------------------------------------------------------------------------------
RockyLevel - Runtime Spatial Hash - Streaming Grid - MainGrid
----------------------------------------------------------------------------------------------------------------
            Origin: X=0.000 Y=0.000 Z=0.000
         Cell Size: 12800
      World Bounds: IsValid=false, Min=(X=0.000 Y=0.000 Z=0.000), Max=(X=0.000 Y=0.000 Z=0.000)
     Loading Range: 25600.00
Block Slow Loading: No
 ClientOnlyVisible: No

[+] Grid Levels: 1
 |- Level  0: Cell Count    0 | Cell Size   12800 | Actor Count    0 (0.0%)

[+] Content of Grid Level 0

